<?xml version="1.0" encoding="UTF-8"?>
<testng-results ignored="0" total="2" passed="2" failed="0" skipped="0">
  <reporter-output>
  </reporter-output>
  <suite started-at="2024-04-23T11:02:58 IST" name="Default suite" finished-at="2024-04-23T11:03:27 IST" duration-ms="29319">
    <groups>
    </groups>
    <test started-at="2024-04-23T11:02:58 IST" name="Default test" finished-at="2024-04-23T11:03:27 IST" duration-ms="29319">
      <class name="testCases.TC_007_ReceiveQRCode">
        <test-method signature="setup()[pri:0, instance:testCases.TC_007_ReceiveQRCode@791f145a]" started-at="2024-04-23T11:02:58 IST" name="setup" finished-at="2024-04-23T11:03:10 IST" duration-ms="12378" status="PASS">
          <reporter-output>
          </reporter-output>
        </test-method> <!-- setup -->
        <test-method signature="register()[pri:0, instance:testCases.TC_007_ReceiveQRCode@791f145a]" started-at="2024-04-23T11:03:10 IST" name="register" finished-at="2024-04-23T11:03:27 IST" duration-ms="16811" status="PASS">
          <reporter-output>
          </reporter-output>
        </test-method> <!-- register -->
      </class> <!-- testCases.TC_007_ReceiveQRCode -->
    </test> <!-- Default test -->
  </suite> <!-- Default suite -->
</testng-results>
